[15:14:24] [Server thread/INFO]: Starting minecraft server version 1.11.2
[15:14:24] [Server thread/INFO]: Loading properties
[15:14:24] [Server thread/INFO]: Default game type: SURVIVAL
[15:14:24] [Server thread/INFO]: Generating keypair
[15:14:25] [Server thread/INFO]: Starting Minecraft server on *:25566
[15:14:25] [Server thread/INFO]: Using epoll channel type
[15:14:25] [Server thread/INFO]: Preparing level "world"
[15:14:26] [Server thread/INFO]: Preparing start region for level 0
[15:14:27] [Server thread/INFO]: Preparing spawn area: 59%
[15:14:27] [Server thread/INFO]: Done (1.500s)! For help, type "help" or "?"
[15:37:47] [Server thread/WARN]: Can't keep up! Did the system time change, or is the server overloaded? Running 3733ms behind, skipping 74 tick(s)
[15:42:03] [User Authenticator #1/INFO]: UUID of player GlitchedPixels is 8b5d581c-a3bd-46a3-84d4-5aa6d0b99f04
[15:42:04] [Server thread/INFO]: GlitchedPixels[/68.5.236.34:33802] logged in with entity id 0 at (6.5, 64.0, 6.5)
[15:42:04] [Server thread/INFO]: GlitchedPixels joined the game
[15:43:30] [Server thread/WARN]: Can't keep up! Did the system time change, or is the server overloaded? Running 51915ms behind, skipping 1038 tick(s)
[15:43:30] [Server thread/INFO]: GlitchedPixels lost connection: TextComponent{text='Disconnected', siblings=[], style=Style{hasParent=false, color=null, bold=null, italic=null, underlined=null, obfuscated=null, clickEvent=null, hoverEvent=null, insertion=null}}
[15:43:30] [Server thread/INFO]: GlitchedPixels left the game
[15:43:30] [Server thread/WARN]: Can't keep up! Did the system time change, or is the server overloaded? Running 3065ms behind, skipping 61 tick(s)
[16:02:49] [User Authenticator #2/INFO]: UUID of player _wjw_ is f82440f3-de80-45b3-b9ae-20bf1c158b8c
[16:02:49] [Server thread/INFO]: _wjw_[/174.67.216.179:51488] logged in with entity id 1 at (6.5, 64.0, 6.5)
[16:02:49] [Server thread/INFO]: _wjw_ joined the game
[16:03:10] [Server thread/INFO]: _wjw_ lost connection: TextComponent{text='Disconnected', siblings=[], style=Style{hasParent=false, color=null, bold=null, italic=null, underlined=null, obfuscated=null, clickEvent=null, hoverEvent=null, insertion=null}}
[16:03:10] [Server thread/INFO]: _wjw_ left the game
[16:08:13] [Server thread/WARN]: Can't keep up! Did the system time change, or is the server overloaded? Running 5033ms behind, skipping 100 tick(s)
[16:08:54] [Server thread/WARN]: Can't keep up! Did the system time change, or is the server overloaded? Running 26498ms behind, skipping 529 tick(s)
[16:09:01] [Server thread/WARN]: Can't keep up! Did the system time change, or is the server overloaded? Running 7517ms behind, skipping 150 tick(s)
[16:09:01] [Server thread/INFO]: com.mojang.authlib.GameProfile@4fd9d721[id=<null>,name=_wjw_,properties={},legacy=false] (/174.67.216.179:51566) lost connection: Disconnected
[16:09:01] [User Authenticator #3/INFO]: UUID of player _wjw_ is f82440f3-de80-45b3-b9ae-20bf1c158b8c
[16:50:29] [User Authenticator #4/INFO]: UUID of player _wjw_ is f82440f3-de80-45b3-b9ae-20bf1c158b8c
[16:50:29] [Server thread/INFO]: _wjw_[/174.67.216.179:52012] logged in with entity id 2 at (5.764422592584505, 64.0, 9.378130187101055)
[16:50:29] [Server thread/INFO]: _wjw_ joined the game
[16:50:36] [Server thread/INFO]: _wjw_ lost connection: TextComponent{text='Disconnected', siblings=[], style=Style{hasParent=false, color=null, bold=null, italic=null, underlined=null, obfuscated=null, clickEvent=null, hoverEvent=null, insertion=null}}
[16:50:36] [Server thread/INFO]: _wjw_ left the game
[16:51:08] [Server thread/WARN]: Can't keep up! Did the system time change, or is the server overloaded? Running 2105ms behind, skipping 42 tick(s)
[16:52:44] [Server thread/WARN]: Can't keep up! Did the system time change, or is the server overloaded? Running 6406ms behind, skipping 128 tick(s)
[16:53:46] [Server thread/WARN]: Can't keep up! Did the system time change, or is the server overloaded? Running 2098ms behind, skipping 41 tick(s)
[16:54:04] [Server thread/WARN]: Can't keep up! Did the system time change, or is the server overloaded? Running 3002ms behind, skipping 60 tick(s)
[19:02:32] [Server thread/WARN]: Can't keep up! Did the system time change, or is the server overloaded? Running 3641ms behind, skipping 72 tick(s)
[20:03:54] [Server Shutdown Thread/INFO]: Stopping server
